<?xml version="1.0" encoding="UTF-8"?>
<testsuite xmlns:xsi="http://www.w3.org/2001/XMLSchema-instance" xsi:noNamespaceSchemaLocation="https://maven.apache.org/surefire/maven-surefire-plugin/xsd/surefire-test-report.xsd" name="hu.me.advancedjava.AppTest" time="0.021" tests="1" errors="0" skipped="0" failures="0">
  <properties>
    <property name="java.specification.version" value="17"/>
    <property name="sun.jnu.encoding" value="UTF-8"/>
    <property name="java.class.path" value="/home/marci/git/halado_java/target/test-classes:/home/marci/git/halado_java/target/classes:/home/marci/.m2/repository/junit/junit/4.11/junit-4.11.jar:/home/marci/.m2/repository/org/hamcrest/hamcrest-core/1.3/hamcrest-core-1.3.jar:/home/marci/.m2/repository/com/itextpdf/itextpdf/5.5.10/itextpdf-5.5.10.jar:/home/marci/.m2/repository/org/apache/pdfbox/pdfbox/2.0.4/pdfbox-2.0.4.jar:/home/marci/.m2/repository/org/apache/pdfbox/fontbox/2.0.4/fontbox-2.0.4.jar:/home/marci/.m2/repository/commons-logging/commons-logging/1.2/commons-logging-1.2.jar:"/>
    <property name="java.vm.vendor" value="Oracle Corporation"/>
    <property name="sun.arch.data.model" value="64"/>
    <property name="java.vendor.url" value="https://java.oracle.com/"/>
    <property name="os.name" value="Linux"/>
    <property name="java.vm.specification.version" value="17"/>
    <property name="sun.java.launcher" value="SUN_STANDARD"/>
    <property name="user.country" value="US"/>
    <property name="sun.boot.library.path" value="/home/marci/.jdks/openjdk-17.0.2/lib"/>
    <property name="sun.java.command" value="/home/marci/git/halado_java/target/surefire/surefirebooter10220171819059695306.jar /home/marci/git/halado_java/target/surefire 2022-02-22T14-27-14_029-jvmRun1 surefire10665660450782226506tmp surefire_09103698243348381700tmp"/>
    <property name="jdk.debug" value="release"/>
    <property name="surefire.test.class.path" value="/home/marci/git/halado_java/target/test-classes:/home/marci/git/halado_java/target/classes:/home/marci/.m2/repository/junit/junit/4.11/junit-4.11.jar:/home/marci/.m2/repository/org/hamcrest/hamcrest-core/1.3/hamcrest-core-1.3.jar:/home/marci/.m2/repository/com/itextpdf/itextpdf/5.5.10/itextpdf-5.5.10.jar:/home/marci/.m2/repository/org/apache/pdfbox/pdfbox/2.0.4/pdfbox-2.0.4.jar:/home/marci/.m2/repository/org/apache/pdfbox/fontbox/2.0.4/fontbox-2.0.4.jar:/home/marci/.m2/repository/commons-logging/commons-logging/1.2/commons-logging-1.2.jar:"/>
    <property name="sun.cpu.endian" value="little"/>
    <property name="user.home" value="/home/marci"/>
    <property name="user.language" value="en"/>
    <property name="java.specification.vendor" value="Oracle Corporation"/>
    <property name="java.version.date" value="2022-01-18"/>
    <property name="java.home" value="/home/marci/.jdks/openjdk-17.0.2"/>
    <property name="file.separator" value="/"/>
    <property name="basedir" value="/home/marci/git/halado_java"/>
    <property name="java.vm.compressedOopsMode" value="Zero based"/>
    <property name="line.separator" value="&#10;"/>
    <property name="java.vm.specification.vendor" value="Oracle Corporation"/>
    <property name="java.specification.name" value="Java Platform API Specification"/>
    <property name="surefire.real.class.path" value="/home/marci/git/halado_java/target/surefire/surefirebooter10220171819059695306.jar"/>
    <property name="sun.management.compiler" value="HotSpot 64-Bit Tiered Compilers"/>
    <property name="java.runtime.version" value="17.0.2+8-86"/>
    <property name="user.name" value="marci"/>
    <property name="path.separator" value=":"/>
    <property name="os.version" value="5.8.0-7630-generic"/>
    <property name="java.runtime.name" value="OpenJDK Runtime Environment"/>
    <property name="file.encoding" value="UTF-8"/>
    <property name="java.vm.name" value="OpenJDK 64-Bit Server VM"/>
    <property name="localRepository" value="/home/marci/.m2/repository"/>
    <property name="java.vendor.url.bug" value="https://bugreport.java.com/bugreport/"/>
    <property name="java.io.tmpdir" value="/tmp"/>
    <property name="idea.version" value="2021.2.3"/>
    <property name="java.version" value="17.0.2"/>
    <property name="user.dir" value="/home/marci/git/halado_java"/>
    <property name="os.arch" value="amd64"/>
    <property name="java.vm.specification.name" value="Java Virtual Machine Specification"/>
    <property name="native.encoding" value="UTF-8"/>
    <property name="java.library.path" value="/usr/java/packages/lib:/usr/lib64:/lib64:/lib:/usr/lib"/>
    <property name="java.vm.info" value="mixed mode, sharing"/>
    <property name="java.vendor" value="Oracle Corporation"/>
    <property name="java.vm.version" value="17.0.2+8-86"/>
    <property name="sun.io.unicode.encoding" value="UnicodeLittle"/>
    <property name="java.class.version" value="61.0"/>
  </properties>
  <testcase name="shouldAnswerWithTrue" classname="hu.me.advancedjava.AppTest" time="0.001"/>
</testsuite>